100
MarsUltrav8
SusanQ BakhodirG MatasW PhilippI BenjaminT SergeyU PhilippP RuthX StefanQ
CastOSXv6
SundarP ClementL SergeyT SundarA PetarF LarryO
StreamXv6
ClementM BakhodirW JenK SergeyN FionaJ
StreetViewXv1
FionaF MatasC TatiyanaC
ChromeNextv7
PhilippY SergeyV BakhodirD
SlidesNextv2
PhilippH JenZ
MarsXv1
HiroshiF ClementT MichalB MatasH
DaydreamLitev7
SundarH
ChatProv6
SundarA JenZ BakhodirG SergeyN ClementL HiroshiF SundarP
FuchsiaLitev6
PhilippI ThomasK SergeyV PhilippY BenjaminT BakhodirW FionaJ
ExploreUltrav8
BakhodirD SundarL PrabhakarR SusanQ ClementE ClementM ClementT
AssistantUltrav2
MatasC SundarH StefanQ MichalP PhilippP SergeyU
FeedBurnerMaxv3
LarryO TatiyanaC
SitesUltrav5
TatiyanaC StefanQ SundarP SergeyU PhilippY LarryX MatasW PhilippI
StadiaZv2
ThomasK FionaF JenZ MatasH BakhodirG
VideoUltrav1
PetarF FionaJ SundarA PhilippP ClementM BakhodirW MichalB
MapsProv8
BakhodirD HiroshiW SergeyT
ChromecastXv8
HiroshiF BenjaminT
PhoneLitev3
PhilippH MatasC
StreamXv9
LarryO
GmailLitev9
BakhodirG HiroshiF ThomasK StefanQ LarryX MatasW PhilippP SergeyN
ChatXv5
PhilippK BakhodirW PrabhakarR SergeyU MichalB SundarP SergeyT BenjaminT LarryO
WearOSLitev5
PhilippI JenK TatiyanaC NellyY BakhodirD
StreetViewNextv3
SusanQ JenZ PhilippH
FuchsiaXv6
SergeyV SundarA
GameProv3
PhilippY
BuildLitev6
PhilippH PhilippK NellyY BakhodirG PhilippI TatiyanaC MichalB FionaN SergeyU JenK
DuoLitev3
FionaJ ClementE PhilippP RuthX SergeyN ThomasK
DuoZv2
SundarP FionaF PhilippY
GameProv6
SusanQ StefanQ LarryO
CastOSLitev5
ClementM PetarF BakhodirD
GlassOSSv3
JenZ MatasW
CastOSProv6
LarryX
ConnectLitev9
SundarA
ChartsProv9
SergeyU PhilippY PhilippI ClementM RuthX SusanQ SergeyV SundarA
FeedBurnerNextv3
FionaJ TatiyanaC SergeyN MichalB LarryX JenK
SkySv8
HiroshiF MatasC JenZ SundarL PhilippP
GlassOSProv9
BakhodirD PrabhakarR ClementL ThomasK
SmartSv2
FionaF BakhodirW BenjaminT PhilippK FionaN
DriveZv9
NellyY HiroshiW
ResearchUltrav8
SergeyV ClementE HiroshiF NellyY ClementM BakhodirW
StadiaNextv9
BenjaminT FionaJ PhilippH SergeyN ThomasK StefanQ MichalP SusanQ ClementL
AndroidTVNextv1
JenK NellyX ThomasM SergeyU LarryO PhilippP SundarL
SlidesUltrav7
LarryX MatasH RuthX MatasC FionaF
CalendarNextv8
MichalB BakhodirG
AndroidTVMaxv5
SundarP PrabhakarR PhilippK
MarsLitev5
BakhodirD TatiyanaC
ShoppingProv8
FionaN PhilippI
WebserverProv4
ClementE PhilippP PhilippH PhilippI SergeyU HiroshiF PhilippY NellyX MatasW
DuoZv4
PhilippK FionaJ ThomasK ThomasM LarryX SundarP RuthX
AlertsLitev7
PrabhakarR StefanQ BenjaminT SergeyN
GmailSv4
BakhodirG NellyY
ClassroomMaxv2
TatiyanaC SusanQ
ReleaseUltrav1
BakhodirD ClementT
DataZv2
ThomasM ClementM SergeyN FionaF PhilippH SusanQ StefanQ
DuoMaxv1
PhilippI ClementL NellyY FionaJ PhilippP
StreetViewUltrav4
SergeyU HiroshiW JenZ
AndroidTVXv9
TatiyanaC SergeyV MatasW
CastOSNextv8
TatiyanaC LarryX NellyY LarryO ClementM ThomasM BakhodirG BakhodirW
DatasetSearchNextv1
HiroshiW ClementE FionaF HiroshiF SergeyU PetarF
GameLitev8
PhilippP PhilippK MatasW SergeyN
DocsNextv2
JenK ClementL SundarP
SantaTrackerXv4
ClementE SusanQ ClementL BakhodirG HiroshiW SergeyU MichalP PhilippH FionaJ ThomasM
StadiaZv1
BenjaminT TatiyanaC ClementM PhilippP
BuildMaxv1
RuthX PetarF MichalB SergeyV NellyY
ShortsNextv7
FionaF HiroshiF PhilippY
AlertsUltrav2
JenZ HiroshiW FionaN JenK FionaJ BakhodirG SergeyU ClementM
YouTubeZv2
LarryO PhilippK ThomasM PhilippP SusanQ ThomasK
CollectionsNextv1
TatiyanaC MatasW SergeyN
WearOSProv2
FionaN NellyY StefanQ PhilippY ThomasM MatasW FionaJ SergeyV PhilippH
CollectionsZv7
SergeyN ClementT PhilippI LarryX SundarL SundarA HiroshiW
ResearchXv8
ClementM BakhodirW ClementE SundarP JenK
KeepXv5
PhilippP HiroshiF MichalP
SitesSv1
SergeyU ClementL
MapsSv7
MatasW LarryX FionaF SundarA ThomasK ClementM LarryO ClementE PhilippK
PhotoProv3
SergeyV HiroshiF StefanQ BakhodirD SusanQ SergeyU MichalP
SnapshotZv3
NellyX PhilippY PhilippP PhilippI SundarP
CalendarProv3
PhilippI LarryX ClementL SergeyN SundarA NellyY HiroshiF ClementE SergeyU
PhoneUltrav1
StefanQ BakhodirW LarryO ThomasM
ChatSv4
JenZ TatiyanaC BakhodirG PhilippP
CultureProv7
TatiyanaC ThomasM BakhodirW PhilippY FionaJ SergeyU ClementE MatasW
GlassOSLitev9
ClementT HiroshiF SundarA BakhodirG PhilippH PhilippK
SmartLitev9
JenZ PhilippP ThomasK
DrawingsXv6
LarryX RuthX FionaN SergeyU JenZ PhilippI ClementE MichalB
ExploreMaxv4
PhilippK SergeyN PhilippY ClementM BenjaminT SundarP TatiyanaC
MoonMaxv4
MichalP ThomasK SundarA StefanQ HiroshiW HiroshiF ThomasM BakhodirD BakhodirW FionaF
WebserverProv6
PhilippP
BloggerNextv8
PhilippP SergeyV MatasW ClementE
PhoneXv6
MichalB PhilippI RuthX TatiyanaC MatasH ThomasK JenK ThomasM
ChromeOSUltrav5
HiroshiW HiroshiB ClementL SergeyU PhilippH PhilippK
StreetViewProv9
NellyY JenK LarryO ClementE SundarA PhilippK MatasW
AndroidAutoZv2
HiroshiB PhilippI PhilippH SergeyU LarryX
SearchNextv1
SundarP MichalB ThomasK ThomasM SergeyV
MapsUltrav3
PhilippP TatiyanaC HiroshiW
DreamSv2
PhilippP PhilippI SergeyN SusanQ LarryO MatasW
FeedBurnerMaxv1
ThomasK HiroshiF ClementL MichalB
VoiceProv8
JenK ClementE ClementM MatasW TatiyanaC
ChromeOSLitev3
PhilippP HiroshiW PhilippY
LoggingLitev6
BakhodirW ClementL SusanQ LarryO SergeyN ClementE ClementM HiroshiF SundarP
SkyLitev6
ThomasM TatiyanaC PhilippI
