27
StreamZv6
c962 c670 c473 c83 c1271 c383 c657 c907 c587 c1321 c111 c394 c1128 c850 c185 c899 c1442 c12 c653 c1292 c44 c144 c1079 c1194 c708 c386 c561 c588 c26 c461 c529 c121 c538 c193 c1383 c1198 c512 c1281 c920 c824 c313 c663 c215 c856 c212 c331 c1042 c1345 c675 c531 c1262 c382 c1398 c1205
ImagesNextv7
c1253 c211 c344 c1251 c787 c1349 c1185 c956 c401 c15 c235 c1277 c204 c1193 c198 c668 c1499 c852 c534 c960 c46 c987 c142 c1105 c563 c358 c1229 c526 c1169 c1480 c1479 c677 c47 c558 c192 c169 c1459 c27 c81 c951 c123 c1106 c802 c491 c1086 c122 c1087 c1100 c1187 c1152 c963 c1223 c1451 c1049 c343 c858 c710
ChromecastNextv4
c243 c341 c76 c827 c421 c582 c92 c792 c1232 c1124 c95 c818 c660 c774 c935 c367 c105 c1291 c599 c894 c4 c904 c860 c1201 c1382 c200 c1048 c179 c1314 c1047 c592 c1237 c876 c1170 c638 c517 c788 c676 c391 c1446 c515 c666 c375 c372 c524 c1380 c459 c1245 c145 c740 c754 c621 c566 c8 c766 c157 c188 c1319 c1163
DrawingsLitev8
c1107 c911 c21 c425 c1244 c808 c629 c882 c1395 c537 c161 c160 c632 c1182 c1338 c1195 c368 c1138 c287 c268 c939 c305 c608 c1191 c1433 c1310 c303 c267 c229 c245 c1270 c790 c18 c5 c737 c1096 c641 c316 c1257 c1071 c664 c736 c1285 c1093 c800 c955 c551 c1295 c1468 c135 c263 c726 c615 c11
StreamXv2
c337 c755 c501 c63 c1452 c1399 c1460 c30 c686 c1456 c1142 c187 c511 c953 c1464 c1397 c1282 c411 c1098 c483 c845 c1246 c1238 c195 c1125 c844 c1013 c622 c376 c1111 c701 c518 c848 c55 c789 c679 c910 c970 c1470 c618 c544 c1437 c498 c909 c760 c1183 c954 c0 c508 c1424 c1423 c271 c1110 c1352 c1067 c1034 c991 c1384 c933
MapsUltrav8
c322 c1388 c1490 c1243 c530 c986 c840 c107 c325 c469 c1484 c697 c1414 c1073 c489 c277 c1130 c1158 c533 c1324 c874 c442 c1032 c1029 c45 c455 c36 c624 c1360 c294 c1094 c847 c270 c1308 c333 c1144 c162 c1161 c397 c782 c1440 c153 c1439 c949 c642 c1145 c662 c780 c834 c448 c1156 c813 c1134 c817
DaydreamZv6
c560 c1240 c812 c22 c570 c693 c1488 c1493 c786 c864 c1036 c1370 c1438 c1307 c833 c932 c626 c1474 c1088 c767 c441 c208 c69 c299 c429 c1043 c443 c575 c795 c646 c995 c261 c625 c416 c96 c496 c946 c431 c276 c612 c1166 c1157 c865 c722 c744 c1469 c830 c527 c1012 c600 c42 c106 c853 c1473 c339 c1027 c938
ChatLitev7
c13 c829 c40 c945 c231 c1 c499 c578 c51 c31 c168 c1322 c1065 c1235 c723 c1242 c219 c579 c1204 c477 c1102 c1361 c854 c1254 c1127 c828 c1315 c1058 c999 c1445 c680 c822 c1057 c661 c3 c167 c843 c1083 c725 c1449 c603 c779 c1316 c1411 c1333 c748 c1428 c1298 c1101 c1491 c776
GroupsProv2
c1059 c453 c966 c1139 c1064 c1017 c574 c1305 c73 c747 c869 c1353 c502 c1255 c346 c785 c120 c1462 c753 c217 c514 c381 c1192 c687 c908 c334 c536 c1444 c1385 c419 c1347 c1234 c440 c738 c739 c72 c804 c1231 c378 c921 c1117 c1074 c16 c1081 c1039 c1197 c197 c980 c718 c969
SkyXv9
c942 c1256 c1357 c707 c889 c293 c557 c457 c184 c388 c97 c898 c928 c1046 c1318 c1454 c878 c1075 c839 c283 c488 c905 c1116 c409 c967 c862 c1133 c1343 c475 c1350 c190 c589 c712 c1016 c427 c1252 c1218 c183 c68 c1070 c1372 c41 c355 c137 c591 c952 c173 c1373 c1005 c977
DatasetSearchZv7
c326 c950 c20 c171 c1266 c400 c493 c816 c1294 c398 c1226 c1478 c1265 c1175 c79 c390 c426 c917 c525 c1471 c1304 c791 c387 c717 c114 c1299 c454 c24 c29 c943 c48 c415 c799 c892 c699 c279 c225 c1260 c1051 c150 c1037 c901 c60 c1354 c893 c110 c238 c619
DaydreamProv6
c100 c997 c445 c763 c289 c301 c1483 c1275 c1363 c1062 c1118 c716 c572 c801 c396 c652 c407 c855 c580 c1317 c1208 c462 c298 c342 c1151 c226 c528 c934 c1344 c859 c252 c842 c770 c522 c94 c412 c1379 c630 c559 c25 c1286 c2 c1129 c993 c509 c1418 c982 c1155 c1410 c1061 c714 c38 c872 c1467 c1476 c1171 c109 c1113
DatabaseUltrav7
c1150 c413 c444 c851 c395 c288 c403 c964 c682 c149 c700 c1457 c126 c640 c669 c1279 c1224 c1055 c466 c539 c1378 c583 c1184 c616 c647 c56 c65 c330 c278 c414 c202 c1076 c556 c240 c564 c310 c112 c504 c348 c678 c797 c913 c1376 c250 c961 c230 c1296 c919 c384 c1173 c761 c1056 c729 c1287 c470 c513
ChromecastZv5
c573 c255 c891 c775 c361 c673 c1181 c1364 c449 c1040 c1015 c320 c436 c731 c1481 c998 c174 c62 c900 c866 c759 c233 c319 c82 c1063 c819 c1268 c58 c1435 c1325 c1289 c576 c1320 c54 c584 c1019 c1391 c52 c1381 c408 c370
SitesUltrav3
c1368 c363 c742 c685 c165 c189 c1276 c236 c43 c631 c1060 c1492 c1407 c1041 c690 c1050 c1461 c210 c102 c1023 c611 c547 c628 c981 c223 c811 c807 c228 c1309 c863 c77 c1358 c846 c118 c1264 c540 c1432 c1348 c903 c218 c918 c321 c155 c323 c380 c64 c85
DataSv1
c931 c1099 c1141 c711 c826 c458 c1020 c1149 c422 c968 c464 c719 c1021 c140 c975 c1222 c379 c1434 c1030 c715 c1362 c366 c437 c75 c134 c291 c597 c1082 c959 c272 c689 c478 c672 c978 c881 c947 c1403 c1342 c1001 c702 c645 c1406 c1217 c598 c1408
FlightsNextv3
c404 c610 c266 c1419 c877 c117 c649 c143 c1180 c172 c1044 c835 c764 c468 c49 c500 c803 c1206 c895 c627 c220 c543 c553 c1045 c351 c364 c705 c1143 c67 c1250 c327 c1230 c99 c23 c1267 c432 c66 c1028 c887 c1427 c1429 c1455 c224 c1078 c781 c490 c586 c532 c119 c420 c476 c602 c158
FlightsXv2
c548 c302 c965 c665 c778 c176 c1109 c329 c349 c1103 c108 c116 c1172 c251 c399 c542 c1174 c545 c353 c821 c733 c1463 c772 c147 c132 c704 c1066 c203 c485 c1120 c635 c1425 c159 c590 c1374 c1355 c1415 c654 c130 c180 c450 c809 c815 c728 c1137 c1280 c1284 c487 c1123 c604 c992 c713 c773 c1091 c350 c805 c481
ShoppingUltrav6
c307 c424 c521 c32 c1386 c374 c771 c1097 c479 c810 c735 c136 c393 c141 c1356 c1167 c315 c1367 c290 c906 c93 c732 c434 c555 c264 c671 c1297 c1054 c259 c80 c916 c568 c74 c1038 c535 c1283 c1018 c857 c467 c1213 c1247 c389 c1179 c1336 c554
FormsNextv5
c1068 c262 c1369 c234 c1214 c221 c884 c1326 c1002 c875 c510 c1489 c274 c1290 c1351 c648 c19 c783 c423 c336 c1390 c1497 c1405 c385 c1077 c1300 c879 c1412 c1104 c439 c154 c1487 c1014 c752 c1337 c667 c656 c1033 c983 c1416 c1035 c1302 c369 c452 c1335 c486 c1147 c957 c1329 c1219 c985 c634 c793 c989 c541
FlightsUltrav5
c996 c90 c311 c70 c1400 c825 c484 c88 c1209 c941 c1426 c492 c915 c674 c9 c163 c1177 c1393 c113 c101 c1472 c1022 c474 c979 c273 c806 c239 c14 c973 c927 c1328 c216 c1258 c1069 c472 c1404 c1466
MapsZv4
c1178 c650 c741 c958 c516 c181 c1482 c1359 c1443 c1330 c519 c247 c912 c125 c166 c33 c994 c897 c86 c1122 c593 c170 c232 c1004 c924 c306 c695 c304 c849 c688 c433 c201 c1131 c1430 c1293 c61 c402 c720 c1278
ImagesZv5
c1273 c1207 c214 c359 c284 c258 c644 c902 c944 c347 c417 c446 c59 c550 c1288 c1409 c1221 c503 c1441 c936 c265 c914 c1239 c309 c1136 c186 c721 c777 c546 c428 c694 c1448 c178 c7 c1340 c91 c768 c607 c1394 c1115 c295 c1211 c886 c743 c257 c870 c87 c281 c606 c495 c929 c191 c1269 c596 c883
DuoMaxv4
c242 c617 c820 c285 c925 c1084 c613 c506 c1189 c317 c571 c124 c253 c104 c1485 c1162 c636 c639 c823 c594 c196 c57 c1026 c451 c1053 c1112 c562 c1121 c1249 c318 c430 c297 c275 c1031 c241 c133 c78 c456 c1331 c1375
OsZv8
c1159 c751 c151 c227 c356 c1401 c620 c1200 c494 c831 c585 c1241 c885 c406 c609 c286 c1186 c922 c523 c6 c1090 c1396 c1341 c335 c1188 c1132 c460 c1366 c199 c976 c520 c569 c1420 c1303 c1024 c1168 c552 c405 c1450 c1000 c724 c338 c1216 c1080 c1377 c1447 c990 c837 c1008 c1140 c1164 c549 c53 c1311 c328 c1312
CastOSSv8
c418 c139 c796 c1422 c37 c237 c1215 c340 c871 c497 c280 c308 c438 c696 c1220 c1402 c1114 c971 c838 c50
AndroidLitev9
c1272 c300 c727 c269 c1160 c577 c296 c1346 c206 c324 c765 c930 c1092 c769 c1227 c1146 c614 c115 c354 c1203 c896 c1210 c127 c1199 c1135 c1436 c643
