37
AssistantNextv5
PrabhakarE PetarA MaxW PetarN BenjaminY LarryJ MatasO BakhodirL FionaT FionaK HiroshiB FionaA MichalQ StepanW PrzemekC SergeyH SundarM MaxB
ChatLitev6
ClementI NellyV ThomasO StepanK NellyD MaxM StefanH SusanY PrabhakarB ThomasE LarryC PetarJ
ScholarXv6
StefanK BakhodirG JenR PhilippL RuthF JenL SundarA SundarD RuthB TatiyanaP MatasK PrabhakarC
AndroidTVMaxv1
NellyY SergeyW SergeyU PhilippT PhilippV SusanD BenjaminG JenE FionaR MaxA PhilippK BenjaminK RuthJ FionaL
ChartsMaxv5
MichalY PetarO SusanK StefanY HiroshiR
StreetViewXv9
ThomasU MaxH StefanX ThomasN NellyI
FinanceMaxv7
ThomasT SusanT StepanU LarryN HiroshiL
DocsUltrav2
PrzemekM BakhodirB HiroshiK ClementA NellyM NellyW PrabhakarM RuthL
SearchUltrav8
SundarJ PhilippI SergeyG
CastOSSv6
SusanH HiroshiT HiroshiI
FuchsiaProv7
BenjaminJ BakhodirQ SusanV
CodeZv4
SusanR BenjaminR
MoonXv3
PetarM SergeyY
CollectionsUltrav9
NellyT BenjaminO
FeedBurnerLitev8
BenjaminL SundarX ThomasV
SkyProv4
ThomasQ MichalZ
MapsNextv5
PrzemekR FionaZ
LoggingXv4
MaxK SergeyJ BakhodirF
AssistantMaxv9
MichalA
FinanceXv5
ClementV
NewsXv5
SundarV PrzemekH
CurrentsProv2
StepanJ
StreetViewXv2
HiroshiS PrzemekF RuthW
ConnectXv3
StefanG
BuildProv1
TatiyanaT
KeepXv1
PrabhakarA
LearnProv8
JenI
NewsMaxv1
PetarG
CurrentsProv7
BenjaminP
TravelProv6
PhilippJ
CurrentsXv1
StepanV
SantaTrackerProv9
PrzemekV
SheetsZv4
MaxO SergeyR
VoiceZv6
HiroshiQ MichalS
PixelProv1
MatasF
KeepNextv4
PrabhakarN
ClassroomSv2
RuthX
