240
p4567
c291 c232 c308 c314 c723 c780 c498 c236 c791 c708
p1529
c347 c183 c311 c799 c614 c189 c13 c484 c129 c275
p2099
c390 c257 c580 c214 c99 c21 c719 c388 c324 c217
p244
c378 c139 c526 c682 c0 c58 c766 c66 c593 c607
p413
c360 c199 c674 c270 c170 c608 c33 c476 c557 c620
p4537
c524 c669 c289 c599 c404 c37 c10 c567 c377 c755
p2847
c250 c290 c315 c26 c651 c294 c284 c488 c298 c500
p8008
c589 c160 c69 c412 c55 c363 c188 c391 c47 c41
p7388
c402 c229 c644 c478 c90 c182 c271 c194 c568
p1742
c225 c382 c331 c728 c112 c140 c734 c273 c797 c530
p6130
c534 c578 c471 c514 c744 c573 c135 c431 c623 c407
p8750
c370 c549 c202 c419 c742 c134 c136 c633
p6735
c716 c186 c244 c3 c131 c645 c205 c114 c51 c346
p9331
c451 c97 c662 c266 c338 c418 c769 c342
p553
c749 c317 c177 c784 c752 c579 c687 c553 c258
p4815
c652 c653 c729 c671 c511 c191 c411 c771 c128
p3038
c176 c428 c359 c323 c358 c115 c704 c750 c430 c40
p2129
c89 c554 c364 c702 c2 c613 c92 c655 c116
p982
c159 c223 c592 c477 c667 c786 c374 c5 c63 c581
p5705
c125 c287 c564 c264 c71 c185 c679 c585 c529
p3518
c776 c543 c70 c525 c17 c569 c537 c552 c686 c630
p3591
c654 c683 c126 c577 c724 c156 c353 c278
p5245
c424 c38 c9 c344 c541 c389 c132 c245
p9426
c203 c733 c520 c18 c299 c467 c393
p4790
c527 c706 c604 c397 c333 c617 c503 c85 c148 c698
p9890
c303 c576 c721 c700 c785 c415 c413 c348
p213
c343 c417 c718 c219 c83 c222 c120
p3325
c78 c722 c73 c762 c34 c586 c59
p7368
c110 c395 c7 c610 c157 c212 c292 c193
p8230
c179 c572 c107 c184 c782 c304 c494
p8123
c20 c414 c670 c149 c663 c792 c124 c54 c154
p6857
c75 c86 c24 c192 c422 c400 c387 c479
p6441
c123 c561 c60 c119 c39 c138 c327 c482 c538 c113
p1966
c366 c373 c533 c398 c372 c647 c336 c790
p1360
c180 c151 c739 c165 c272 c45 c36 c468
p6200
c461 c639 c161 c253 c207 c794 c454
p754
c235 c102 c380 c457 c741 c447 c560 c351 c535
p1750
c8 c62 c64 c260 c48 c72
p2862
c650 c746 c501 c82 c91 c133 c81 c195
p9520
c416 c483 c14 c517 c668 c631
p4353
c684 c220 c247 c146 c473 c648 c735 c408 c481
p7294
c283 c455 c542 c622 c590 c241
p1996
c657 c337 c350 c56 c491 c445 c602 c200
p4683
c601 c74 c322 c566 c546 c544
p1097
c676 c201 c375 c197 c539
p831
c237 c158 c624 c496 c770 c509
p3866
c256 c87 c155 c181 c462 c758
p4629
c267 c665 c550 c109 c465 c606
p8998
c103 c695 c664 c596
p8494
c328 c646 c618 c437 c521
p2236
c435 c150 c334 c361 c68 c423 c67
p9258
c640 c442 c16 c621 c688
p7221
c25 c775 c383 c401
p4067
c31 c796 c689 c574
p1755
c305 c493 c137 c747 c295 c757 c730
p424
c27 c629 c659 c80
p150
c329 c427 c362 c523
p883
c238 c216 c252 c779
p1786
c563 c475 c490 c227 c438
p6806
c276 c658 c234
p760
c449 c456 c571
p4133
c307 c313 c426 c547 c309 c692 c174 c788 c678
p6598
c673 c519 c512 c94
p7107
c352 c163 c532
p1473
c798 c231 c213 c754
p6232
c209 c95 c371 c53
p4547
c685 c410 c731 c243
p557
c715 c392 c368 c130
p6814
c168 c172 c164 c583 c187 c147
p108
c772 c302 c510
p401
c588 c93 c230
p4917
c649 c173 c84 c666
p5493
c167 c316 c325 c710
p5337
c591 c178
p3548
c345 c594 c108
p9011
c605 c499
p6386
c152 c355 c43
p8679
c224 c705
p1651
c619 c495 c443 c421
p8501
c781 c612 c643
p2911
c489 c725 c584 c717
p9731
c425 c215 c783
p2736
c349 c699 c768
p7312
c30 c446 c441 c703
p5709
c144 c106 c603
p8452
c269 c660
p7379
c756 c693
p1561
c444 c556
p1564
c598 c518 c433 c242 c432
p6392
c198 c743 c57
p9791
c288 c635
p7725
c111 c297 c778
p6728
c403 c765
p2323
c611 c641
p3944
c450 c11
p4734
c466 c282
p7209
c23 c268
p6693
c221 c570 c642
p2537
c448 c536
p3867
c332 c118
p5171
c61 c531
p8669
c246 c261 c789 c709 c502
p1096
c675 c713
p6983
c406 c143 c96 c697 c320 c233
p5546
c732 c787
p5908
c540 c405 c637 c551
p8491
c740 c301
p5039
c548 c726
p5932
c597 c609
p7530
c312 c506
p5541
c255 c434
p8456
c76 c736
p9565
c367 c712
p5289
c627
p3092
c751 c575
p6947
c280
p6179
c616
p8490
c795
p3381
c615
p6803
c625
p1379
c29
p865
c691
p8357
c600 c286
p642
c251 c507
p2410
c760 c356
p2760
c516 c469
p7815
c761
p9317
c487 c545
p6817
c638
p1100
c127
p7773
c339
p8280
c680 c714
p3405
c505
p8046
c486
p8899
c409
p301
c793
p3976
c396
p7254
c306
p7958
c254
p5888
c764
p6115
c354 c463
p6553
c458 c340
p6487
c582
p7335
c707
p4490
c384
p4304
c634
p3504
c399
p6999
c190
p3001
c748
p1778
c464 c439
p4996
c326 c587
p9238
c204
p4011
c753
p3742
c77 c595
p2368
c677 c263
p2076
c480
p3667
c562
p9080
c470
p7436
c105
p136
c35
p2232
c50
p7767
c485
p104
c46
p6952
c626
p790
c153
p9750
c22
p95
c319
p8132
c98
p4142
c259
p4609
c504
p8473
c508
p9529
c565
p4953
c558
p8868
c513
p9342
c175
p8577
c285
p6443
c277
p6712
c515
p8273
c300
p2473
c208
p6993
c19
p7515
c701
p7431
c773
p154
c42
p8041
c694
p2726
c745
p3543
c239
p9594
c385
p5042
c656
p1177
c142
p6341
c296
p7651
c249
p6037
c28
p7330
c777
p7103
c335
p1468
c4
p7270
c141
p1965
c122
p8090
c240
p8801
c318
p6614
c226
p8715
c474
p9897
c44
p271
c1
p3681
c104
p3983
c293
p895
c279
p4269
c429
p2562
c636
p7064
c453
p6922
c472
p6541
c672
p6164
c690
p7790
c628
p568
c720
p6890
c379
p5443
c211
p6805
c763
p779
c661
p8951
c711
p8348
c386
p4637
c555
p3065
c727
p2195
c265
p1712
c632
p386
c440
p9055
c341
p8315
c436
p8283
c460
p173
c274
p9452
c210
p1213
c767
p969
c381
p7800
c394
p9754
c365
p9022
c15
p6494
c162
p9941
c774
p4159
c528
p4062
c101 c681
