770
p12476
c659 c205 c561 c954 c41 c130 c696 c932 c58 c808 c577
p2164
c117 c637 c347 c948 c216 c563 c166 c278 c239 c48 c570 c724 c594 c44 c652 c287 c761 c994 c458 c510 c57 c294 c132 c963 c608 c817 c427 c466 c771 c355 c578 c201 c685 c519 c16 c803 c305
p19686
c873 c907 c339 c61 c272 c59 c511 c159 c990 c851 c238 c670 c763
p2492
c607 c879 c910 c655 c728 c862 c585 c572 c433 c32
p2319
c180 c147 c274 c445 c98 c35 c622 c832 c953 c383
p5162
c750 c323 c811 c936 c806 c271 c928 c916 c653 c120 c88 c463 c776 c734 c367 c792 c438 c644
p9068
c823 c893 c589 c520 c77 c70 c195 c729 c155 c581 c64
p881
c574 c847 c124 c665 c327 c726 c887 c324 c67 c660 c267 c340
p12291
c252 c449 c243 c854 c34 c545 c360 c646 c489 c101 c715 c634 c848 c149
p18443
c496 c840 c903 c73 c984 c528 c757 c7 c846 c929 c108 c437
p18612
c140 c280 c531 c392 c906 c543 c599 c824 c89 c157
p23707
c719
p16734
c999
p9139
c345
p15185
c939
p7931
c426
p21505
c156
p14384
c3 c831 c26
p7917
c533
p9324
c747
p1347
c446
p12466
c39
p3602
c75
p21745
c830
p19762
c494
p12267
c986
p9663
c63
p11169
c9
p17948
c819 c955
p24531
c213
p12812
c322
p22803
c737
p1831
c387
p19672
c13
p895
c624 c612
p6398
c976
p11809
c988
p14034
c917
p21315
c977 c894
p6487
c282
p12320
c621
p16561
c828 c991
p23299
c409
p303
c161
p18819
c144
p24999
c209
p7742
c86
p6391
c187
p3252
c712
p3102
c15
p18282
c10
p14535
c300
p21584
c508
p13017
c818 c822
p1579
c165
p16532
c1
p8005
c780
p9080
c781
p2529
c381
p17049
c890
p872
c673
p7165
c500 c218
p15290
c654 c11
p17421
c393
p22451
c361
p1703
c838 c119
p6450
c997
p7136
c720
p21324
c83
p15059
c524
p21146
c688
p7735
c556
p5218
c975
p10744
c950
p11774
c804
p12777
c782 c853
p86
c591
p16680
c623
p5015
c514
p5425
c752
p10850
c474
p21483
c982
p17428
c326
p8873
c754
p16172
c517
p21130
c40
p17410
c69
p24845
c320
p8388
c262 c169 c268
p14374
c546
p14100
c790 c439
p10210
c146 c275
p5419
c942
p11948
c453 c697
p24701
c133
p4371
c860
p6286
c493
p14471
c242
p4960
c541
p21724
c171
p12488
c230
p1853
c820
p24598
c908
p19171
c895 c678
p12452
c532 c875
p20587
c874
p13549
c949
p6767
c503 c128
p19964
c495 c626
p11751
c263
p18275
c631
p15074
c121
p4110
c557
p24169
c441
p3047
c388
p12374
c237
p14631
c721
p5923
c174
p21177
c375
p20716
c199
p12554
c178
p19055
c176
p2534
c164
p9856
c476
p16385
c864
p2324
c604
p15244
c462
p9224
c857
p13125
c590 c751 c50
p18911
c212
p16055
c600
p8467
c136
p3655
c661
p11312
c870
p15553
c407
p11810
c173
p17831
c422
p4677
c544
p5830
c717 c459 c27
p13716
c37 c264
p1978
c102
p7488
c625
p19588
c549
p9135
c958 c408
p8342
c512
p21979
c482
p23894
c377
p2430
c172
p22142
c448 c885
p24211
c162
p862
c36
p642
c211
p3312
c603
p19981
c109
p10721
c755
p4084
c277
p4265
c486 c692
p18464
c406
p2285
c810
p18202
c863
p127
c918
p2565
c111
p10560
c398
p9505
c304 c167
p3326
c675
p21777
c518
p16776
c351
p15724
c145
p3370
c250
p9780
c286
p24328
c229
p14952
c346
p12546
c331 c299
p9719
c573
p770
c116
p10077
c369
p21381
c876
p14801
c430
p24812
c825
p21041
c912
p19010
c507
p1663
c944
p2985
c315
p48
c899
p10782
c909
p16153
c930
p12274
c240
p20600
c478
p19583
c29
p7336
c614
p21732
c745
p21885
c694 c80
p5060
c42
p3032
c269
p22857
c411
p6061
c386
p22825
c279
p16799
c739
p12572
c583 c842
p15414
c960
p12097
c158 c601
p21211
c733 c204
p20446
c539
p23249
c38
p23290
c219
p22034
c996
p13846
c148
p3902
c163
p16458
c14
p23945
c348
p12647
c160
p2975
c222
p21373
c919
p23337
c617
p24427
c94
p12083
c597
p16515
c526 c816
p14409
c686
p1528
c283
p15084
c380
p2909
c434
p24730
c410
p15222
c241
p24484
c547
p1001
c636
p17952
c317
p7553
c555
p11581
c84
p5776
c338 c129
p19802
c328
p17616
c951
p20375
c759
p2290
c464
p22510
c542 c703
p2901
c579
p14898
c596
p9931
c664
p12899
c509
p3395
c31
p15999
c925
p16010
c560
p24448
c559
p380
c152
p7326
c558
p15130
c878
p12985
c669
p16575
c396
p15304
c638
p12047
c974
p5761
c379
p19606
c736
p8882
c143
p15349
c741
p15050
c843
p4281
c777
p1017
c112
p1710
c987
p2477
c911
p16976
c813
p6535
c921 c938
p20077
c658
p15677
c575
p24851
c699
p21025
c592
p9215
c405
p12612
c198
p3483
c115 c725
p11705
c456
p1199
c76
p15775
c888
p11787
c100
p1215
c168 c834
p18888
c566
p14856
c344
p16370
c358
p24634
c643
p11008
c233
p30
c477
p21216
c309 c202
p1243
c468
p23338
c730
p22480
c530
p22740
c68
p14834
c249
p22188
c837
p19341
c191 c297 c314
p4905
c802
p20881
c28
p19756
c203
p23973
c457
p16422
c700
p13900
c945
p20478
c288
p377
c743
p2248
c363
p21290
c883
p14366
c285
p15199
c313
p17022
c593
p19180
c20
p19827
c18
p8979
c429
p19215
c892
p11725
c266
p4443
c768
p8303
c24
p18597
c316
p23161
c698
p14312
c416
p9818
c920
p1417
c814 c809
p13787
c861
p22688
c690
p3661
c716
p3859
c564
p24529
c376 c740
p14343
c436
p22209
c551
p3979
c966
p20190
c727
p22408
c943
p3946
c904
p3027
c516
p19664
c934
p11617
c632
p19490
c200
p14155
c898
p8557
c227
p23626
c787
p3093
c343
p10517
c695 c303
p5313
c231
p13850
c915
p2496
c55
p4094
c680 c765
p7352
c868
p9221
c310 c236
p2764
c872
p15053
c767
p14577
c354
p17793
c341
p1608
c775
p23925
c291
p5619
c598
p14137
c401
p17668
c497
p24876
c567
p22076
c183
p21361
c417
p19394
c419 c455
p4865
c901
p12435
c498
p3848
c504
p6801
c175
p5345
c137
p9144
c224
p5502
c783
p10673
c391
p9512
c766
p16694
c657 c105
p23600
c602
p18752
c711
p17825
c744
p12000
c342
p19218
c606
p9070
c113
p5128
c51
p23358
c311 c971
p13819
c735
p930
c325
p14538
c946
p20403
c107
p18224
c103
p6831
c220
p24002
c413
p1725
c791
p1993
c880 c6
p15213
c748
p17064
c126 c588
p10687
c882
p4165
c687 c153
p1122
c66
p3028
c33
p1844
c844
p17124
c764
p4715
c382
p10351
c884
p14088
c521
p4186
c335
p9469
c826
p7525
c674
p9201
c194
p10670
c584
p23733
c640
p17641
c967
p18057
c812
p1977
c4 c981
p13333
c425
p1542
c513
p6544
c562
p11060
c330
p13979
c0
p13230
c90
p20647
c691
p5236
c110
p16790
c138
p12447
c723
p10045
c705
p20089
c522
p8875
c332
p9675
c639
p5214
c537
p18256
c334
p16213
c710
p17748
c501
p18661
c933
p22800
c582
p19194
c353
p2886
c150
p24971
c210
p16268
c941
p23616
c706
p3192
c321
p4633
c800
p20450
c123
p17819
c384
p20707
c142
p11865
c540
p6723
c257
p17642
c645 c961 c131
p13362
c472
p7903
c54
p16679
c648
p1440
c179
p20834
c798
p3505
c21
p15894
c421
p2224
c525
p17629
c246
p20579
c833
p4703
c454
p13953
c969
p15442
c788
p7295
c296
p20527
c937
p14469
c881
p12036
c689
p23364
c923
p18708
c484
p22405
c554
p19825
c536
p20769
c869
p12478
c841 c125
p11149
c366
p81
c23
p15204
c796
p16927
c855
p22304
c905
p6365
c827
p6169
c418
p14767
c722
p21062
c181
p15459
c215 c499
p14127
c435 c349
p2560
c709
p20481
c629
p19859
c451
p376
c859
p4558
c797
p19349
c293 c197
p15594
c701
p20892
c529
p3455
c957
p22523
c151
p4081
c226
p16728
c104
p13742
c947
p11430
c835
p14690
c867
p1281
c616
p24454
c443
p12214
c428
p20578
c170
p6519
c261
p7652
c850
p22996
c359 c188
p1052
c615 c255
p16623
c5
p11704
c217
p21283
c350
p16289
c298
p7836
c307
p20415
c799
p13373
c79
p8423
c295
p5458
c292
p23791
c65
p6588
c60
p4361
c17
p9823
c404
p8048
c221
p9375
c789
p10067
c746
p17422
c97
p11706
c613
p9311
c447
p22186
c641
p3971
c794
p9171
c922
p22798
c628
p23697
c656
p4894
c852
p24834
c742
p13391
c704
p10906
c663
p12674
c265
p9009
c402 c807
p24981
c254
p20704
c206
p8752
c356
p10170
c289
p4584
c488
p17618
c611
p1315
c362
p6515
c85
p7963
c576
p20383
c190
p13698
c114
p7728
c177
p24212
c467
p23871
c118
p8560
c245
p6357
c403 c527
p22455
c502
p19792
c571
p7955
c962
p6889
c580
p7750
c49
p24298
c480
p5931
c896
p16883
c492
p22331
c650
p22665
c681
p21491
c849
p2020
c192
p14523
c784
p15997
c491
p3287
c276
p18211
c865 c452
p24015
c995
p9132
c760
p6944
c470
p16663
c235
p16179
c228
p12070
c897
p10366
c642
p24687
c251
p7544
c56
p9915
c306
p17536
c273
p18278
c731
p8582
c30
p17881
c414
p15758
c284
p24686
c420
p24322
c738
p23631
c244
p5299
c62
p18559
c19
p19452
c662
p15663
c473
p18414
c301
p15397
c702
p11971
c490
p14925
c53
p20850
c47
p1965
c829
p10494
c352
p15994
c778
p22681
c223
p5739
c336
p10578
c412
p23502
c978
p10625
c940
p1856
c926
p19233
c208
p18798
c693
p8448
c668
p20462
c980
p8217
c440
p1300
c756
p18902
c22
p7177
c538
p13093
c469
p14237
c185
p6417
c506
p22567
c683
p23176
c365
p18259
c773
p19659
c714
p1782
c465
p6133
c182
p20091
c891
p4378
c672
p2779
c587
p24166
c333
p12062
c81
p8143
c290
p11456
c390
p24480
c667
p10826
c927
p19558
c619
p12907
c312
p22122
c913
p1926
c193
p12418
c609
p23776
c523
p10436
c713
p8449
c836
p10666
c308
p22929
c46
p3735
c620
p1422
c481
p22171
c378
p18539
c753
p9180
c106
p670
c900
p10273
c684
p4174
c270
p21435
c25
p2598
c931
p21755
c979
p5363
c856
p20677
c385
p24319
c793
p10913
c82
p19995
c647
p18389
c207
p14607
c2
p13527
c460
p20072
c12
p13810
c357
p1409
c732
p24543
c886
p6915
c801
p599
c708
p3240
c189
p22842
c471
p12715
c134
p11551
c424
p24130
c707
p18140
c397
p13285
c935
p532
c992
p540
c431
p21963
c442
p19692
c671
p8017
c956
p6231
c374
p11360
c786
p10843
c924
p20411
c779
p3346
c569
p22799
c552
p23921
c389
p17901
c74
p20988
c281
p757
c505
p17327
c871
p1586
c256
p2393
c371
p24258
c568
p24913
c618
p19283
c43
p6506
c985
p24933
c99
p10294
c595
p14106
c627
p17916
c877
p11488
c479
p61
c135
p5
c774
p1601
c253
p14780
c214
p8221
c329
p5055
c635
p16659
c682
p5706
c259
p5575
c96
p268
c483
p11526
c548
p1408
c676
p20599
c651
p17214
c196
p8029
c758
p1698
c87
p5410
c649
p11398
c122
p24429
c372
p13472
c534
p9275
c461
p13465
c318
p3518
c78
p4572
c769
p4049
c805
p4783
c565
p5813
c475
p20482
c337
p6043
c91
p2195
c993
p4854
c302
p7929
c845
p24588
c395
p9453
c225
p10848
c45
p11428
c998
p15658
c487
p19817
c260
p24556
c970
p7485
c550
p21372
c965
p20360
c973
p1059
c364
p12356
c368
p22165
c633
p7872
c815
p379
c839
p15824
c232
p1712
c247
p7772
c394
p12931
c972
p24990
c248
p5952
c415
p1914
c399
p20914
c630
p22997
c154
p10190
c370
p22731
c866
p4167
c432
p7143
c535
p15279
c983
p15236
c71
p22274
c889
p14683
c679
p10559
c444
p18781
c184
p8552
c914
p1873
c666
p193
c319
p11932
c586
p5279
c553
p5748
c8
p17691
c989
p6886
c485
p12742
c968
p5864
c718
p152
c821
p2380
c964
p13981
c785
p11234
c450
p10612
c902
p11893
c677
p22112
c770
p10521
c858
p22021
c52
p8870
c515
p5599
c772
p18737
c186
p12954
c127
p18059
c92
